Exception at PC 0x000007F9BB33BB93
Printing stacktrace...

Exception at PC 0x000007F9FAB7AEA8
Exception at PC 0x000007F9FAB7AEA8
Exception at PC 0x000007F9FAB7AEA8
Exception at PC 0x000007F9FAB7AEA8
Exception at PC 0x000007F9FAB7AEA8
Exception at PC 0x000007F9FAB7AEA8
Exception at PC 0x000007F9FAB7AEA8
Exception at PC 0x000007F9FAB7AEA8
Exception at PC 0x000007F9FAB7AEA8
Exception at PC 0x000007F9FAB7AEA8
Exception at PC 0x000007F9FAB7AEA8
Exception at PC 0x000007F9FAB7AEA8
Exception at PC 0x000007F9FAB7AEA8
Exception at PC 0x000007F9FAB7AEA8
Exception at PC 0x000007F9FAB7AEA8
Exception at PC 0x000007F9FAB7AEA8
Exception at PC 0x000007F9FAB7AEA8
Exception at PC 0x000007F9FAB7AEA8
[0]  [0x000007F9BB33BB93]
[1]  [0x000007F9BB33BB93]
[2]  [0x000007F9BB33B4A1]
[3]  [0x000007F9BB33B3EF]
[4]  [0x000007F9BB3219FE]
[5]  [0x000007F9BB320ED1]
[6]  [0x000007F9BB320D76]
[7]  [0x000007F9BB2C79F6]
[8]  [0x000007F9BB2B7AFB]
[9]  [0x000007F9BB3DE90A]
[10]  [0x000007F9BB3F9F87]
[11]  [0x000007F9BB3FA05F]
[12] (BaseThreadInitThunk+0x1a) [0x000007F9FD461842]
[13] (RtlUserThreadStart+0x21) [0x000007F9FD99DF11]
Done
