Unable to capture context for thread 4516 in process 5044, can not generate back trace
Exception at PC 0x000007FB9D5BAEA8
Unable to capture context for thread 4016 in process 5044, can not generate back trace
Exception at PC 0x000007FB9D5BAEA8
Unable to capture context for thread 4016 in process 5044, can not generate back trace
Unable to capture context for thread 1644 in process 5044, can not generate back trace
Exception at PC 0x000007FB5959BB93
Printing stacktrace...

Exception at PC 0x000007FB9D5BAEA8
Unable to capture context for thread 3248 in process 5044, can not generate back trace
Exception at PC 0x000007FB9D5BAEA8
Exception at PC 0x000007FB9D5BAEA8
Exception at PC 0x000007FB9D5BAEA8
Exception at PC 0x000007FB9D5BAEA8
Exception at PC 0x000007FB9D5BAEA8
Exception at PC 0x000007FB9D5BAEA8
Exception at PC 0x000007FB9D5BAEA8
Exception at PC 0x000007FB9D5BAEA8
Exception at PC 0x000007FB9D5BAEA8
Exception at PC 0x000007FB9D5BAEA8
Exception at PC 0x000007FB9D5BAEA8
Exception at PC 0x000007FB9D5BAEA8
Exception at PC 0x000007FB9D5BAEA8
Exception at PC 0x000007FB9D5BAEA8
Exception at PC 0x000007FB9D5BAEA8
[0]  [0x000007FB5959BB93]
[1]  [0x000007FB5959BB93]
[2]  [0x000007FB5959B4A1]
[3]  [0x000007FB5959B3EF]
[4]  [0x000007FB595819FE]
[5]  [0x000007FB59580ED1]
[6]  [0x000007FB59580D76]
[7]  [0x000007FB595279F6]
[8]  [0x000007FB59517AFB]
[9]  [0x000007FB5963E90A]
[10]  [0x000007FB59659F87]
[11]  [0x000007FB5965A05F]
[12] (BaseThreadInitThunk+0x1a) [0x000007FB9D8E1842]
[13] (RtlUserThreadStart+0x21) [0x000007FBA048DF11]
Done
