INFO: [VRFC 10-163] Analyzing VHDL file "E:/1sem/VIVADO/project_3/project_3.srcs/sources_1/new/DFFNEW.vhd" into library xil_defaultlib
INFO: [VRFC 10-307] analyzing entity DFFNEW
INFO: [VRFC 10-163] Analyzing VHDL file "E:/1sem/VIVADO/project_3/project_3.srcs/sources_1/new/DFF.vhd" into library xil_defaultlib
INFO: [VRFC 10-307] analyzing entity DFF
INFO: [VRFC 10-163] Analyzing VHDL file "E:/1sem/VIVADO/project_3/project_3.srcs/sources_1/new/and_gate.vhd" into library xil_defaultlib
INFO: [VRFC 10-307] analyzing entity and_gate
INFO: [VRFC 10-163] Analyzing VHDL file "E:/1sem/VIVADO/project_3/project_3.srcs/sources_1/new/USST.vhd" into library xil_defaultlib
INFO: [VRFC 10-307] analyzing entity USST
INFO: [VRFC 10-163] Analyzing VHDL file "E:/1sem/VIVADO/project_3/project_3.srcs/sources_1/new/JSST.vhd" into library xil_defaultlib
INFO: [VRFC 10-307] analyzing entity JSST
INFO: [VRFC 10-163] Analyzing VHDL file "E:/1sem/VIVADO/project_3/project_3.srcs/sources_1/new/mux41.vhd" into library xil_defaultlib
INFO: [VRFC 10-307] analyzing entity mux41
INFO: [VRFC 10-163] Analyzing VHDL file "E:/1sem/VIVADO/project_3/project_3.srcs/sources_1/new/USBH.vhd" into library xil_defaultlib
INFO: [VRFC 10-307] analyzing entity USBH
INFO: [VRFC 10-163] Analyzing VHDL file "E:/1sem/VIVADO/project_3/project_3.srcs/sources_1/new/MONIKA.vhd" into library xil_defaultlib
INFO: [VRFC 10-307] analyzing entity MONIKA
INFO: [VRFC 10-163] Analyzing VHDL file "E:/1sem/VIVADO/project_3/project_3.srcs/sim_1/new/USTEST.vhd" into library xil_defaultlib
INFO: [VRFC 10-307] analyzing entity USTEST
INFO: [VRFC 10-163] Analyzing VHDL file "E:/1sem/VIVADO/project_3/project_3.srcs/sim_1/new/JSTEST.vhd" into library xil_defaultlib
INFO: [VRFC 10-307] analyzing entity JSTEST
INFO: [VRFC 10-163] Analyzing VHDL file "E:/1sem/VIVADO/project_3/project_3.srcs/sim_1/new/DFFTEST.vhd" into library xil_defaultlib
INFO: [VRFC 10-307] analyzing entity DFFTEST
INFO: [VRFC 10-163] Analyzing VHDL file "E:/1sem/VIVADO/project_3/project_3.srcs/sim_1/new/DFNEWTEST.vhd" into library xil_defaultlib
INFO: [VRFC 10-307] analyzing entity DFNEWTEST
INFO: [VRFC 10-163] Analyzing VHDL file "E:/1sem/VIVADO/project_3/project_3.srcs/sim_1/new/muni.vhd" into library xil_defaultlib
INFO: [VRFC 10-307] analyzing entity muni
