#-----------------------------------------------------------
# Vivado v2016.2 (64-bit)
# SW Build 1577090 on Thu Jun  2 16:32:40 MDT 2016
# IP Build 1577682 on Fri Jun  3 12:00:54 MDT 2016
# Start of session at: Wed Aug 28 18:39:33 2019
# Process ID: 2908
# Current directory: E:/1sem/VIVADO/project_1
# Command line: vivado.exe -gui_launcher_event rodinguilauncherevent1284 E:\1sem\VIVADO\project_1\project_1.xpr
# Log file: E:/1sem/VIVADO/project_1/vivado.log
# Journal file: E:/1sem/VIVADO/project_1\vivado.jou
#-----------------------------------------------------------
start_gui
open_project E:/1sem/VIVADO/project_1/project_1.xpr
Scanning sources...
Finished scanning sources
INFO: [IP_Flow 19-234] Refreshing IP repositories
INFO: [IP_Flow 19-1704] No user IP repositories specified
INFO: [IP_Flow 19-2313] Loaded Vivado IP repository 'C:/Xilinx/Vivado/2016.2/data/ip'.
open_project: Time (s): cpu = 00:00:18 ; elapsed = 00:00:08 . Memory (MB): peak = 789.344 ; gain = 141.523
update_compile_order -fileset sources_1
exit
INFO: [Common 17-206] Exiting Vivado at Wed Aug 28 21:22:19 2019...
