Vivado Simulator 2016.2
Copyright 1986-1999, 2001-2016 Xilinx, Inc. All Rights Reserved.
Running: C:/Xilinx/Vivado/2016.2/bin/unwrapped/win64.o/xelab.exe -wto a32d9feea23b4f248e0d68ab17ac4f01 --debug typical --relax --mt 2 -L xil_defaultlib -L secureip --snapshot ALUTB_behav xil_defaultlib.ALUTB -log elaborate.log 
Using 2 slave threads.
Starting static elaboration
Completed static elaboration
Starting simulation data flow analysis
Completed simulation data flow analysis
Time Resolution for simulation is 1ps
Compiling package std.standard
Compiling package ieee.std_logic_1164
Compiling package ieee.std_logic_arith
Compiling package ieee.std_logic_unsigned
Compiling architecture behavioral of entity xil_defaultlib.sum [sum_default]
Compiling architecture behavioral of entity xil_defaultlib.dif [dif_default]
Compiling architecture behavioral of entity xil_defaultlib.inc [inc_default]
Compiling architecture behavioral of entity xil_defaultlib.dec [dec_default]
Compiling architecture behavioral of entity xil_defaultlib.buf [buf_default]
Compiling architecture behavioral of entity xil_defaultlib.andg [andg_default]
Compiling architecture behavioral of entity xil_defaultlib.org [org_default]
Compiling architecture behavioral of entity xil_defaultlib.xorga [xorga_default]
Compiling architecture behavioral of entity xil_defaultlib.left [left_default]
Compiling architecture behavioral of entity xil_defaultlib.right [right_default]
Compiling architecture behavioral of entity xil_defaultlib.nandg [nandg_default]
Compiling architecture behavioral of entity xil_defaultlib.norg [norg_default]
Compiling architecture behavioral of entity xil_defaultlib.xnorg [xnorg_default]
Compiling architecture behavioral of entity xil_defaultlib.mux2to1 [mux2to1_default]
Compiling architecture behavioral of entity xil_defaultlib.mux4to1 [mux4to1_default]
Compiling architecture behavioral of entity xil_defaultlib.mux16to1 [mux16to1_default]
Compiling architecture behavioral of entity xil_defaultlib.ALU [alu_default]
Compiling architecture behavioral of entity xil_defaultlib.alutb
Built simulation snapshot ALUTB_behav
