Vivado Simulator 2016.2
Time resolution is 1 ps
                   0  c=0 y=x r=0 d=0 n=0 q=0
                   5  c=1 y=0 r=0 d=0 n=0 q=0
                  10  c=0 y=0 r=0 d=0 n=1 q=0
                  15  c=1 y=0 r=0 d=0 n=1 q=0
                  20  c=0 y=0 r=0 d=1 n=0 q=0
                  25  c=1 y=0 r=0 d=1 n=0 q=0
                  30  c=0 y=0 r=0 d=1 n=0 q=0
                  35  c=1 y=1 r=0 d=1 n=0 q=0
                  40  c=0 y=1 r=0 d=0 n=1 q=0
                  45  c=1 y=0 r=0 d=0 n=1 q=0
                  50  c=0 y=0 r=0 d=0 n=1 q=0
                  55  c=1 y=0 r=0 d=0 n=1 q=0
                  60  c=0 y=0 r=0 d=0 n=1 q=0
                  65  c=1 y=1 r=0 d=0 n=1 q=0
                  70  c=0 y=1 r=0 d=0 n=1 q=0
                  75  c=1 y=0 r=0 d=0 n=1 q=0
                  80  c=0 y=0 r=0 d=0 n=1 q=0
                  85  c=1 y=0 r=0 d=0 n=1 q=0
                  90  c=0 y=0 r=0 d=0 n=0 q=0
                  95  c=1 y=0 r=0 d=0 n=0 q=0
$finish called at time : 100 ns : File "E:/1sem/VIVADO/project_10/project_10.srcs/sources_1/new/vendingmachinetb.v" Line 45
