
*** Running vivado
    with args -log ASYUPSTR.vds -m64 -mode batch -messageDb vivado.pb -notrace -source ASYUPSTR.tcl


****** Vivado v2016.2 (64-bit)
  **** SW Build 1577090 on Thu Jun  2 16:32:40 MDT 2016
  **** IP Build 1577682 on Fri Jun  3 12:00:54 MDT 2016
    ** Copyright 1986-2016 Xilinx, Inc. All Rights Reserved.

source ASYUPSTR.tcl -notrace
Command: synth_design -top ASYUPSTR -part xc7k70tfbv676-1
Starting synth_design
Attempting to get a license for feature 'Synthesis' and/or device 'xc7k70t'
INFO: [Common 17-349] Got license for feature 'Synthesis' and/or device 'xc7k70t'
INFO: Launching helper process for spawning children vivado processes
INFO: Helper process launched with PID 40 
---------------------------------------------------------------------------------
Starting Synthesize : Time (s): cpu = 00:00:07 ; elapsed = 00:00:33 . Memory (MB): peak = 272.086 ; gain = 65.422
---------------------------------------------------------------------------------
INFO: [Synth 8-638] synthesizing module 'ASYUPSTR' [E:/1sem/VIVADO/project_2/project_2.srcs/sources_1/new/ASYUPSTR.vhd:38]
INFO: [Synth 8-3491] module 'JKFF' declared at 'E:/1sem/VIVADO/project_2/project_2.srcs/sources_1/new/JKFF.vhd:34' bound to instance 'FF1' of component 'JKFF' [E:/1sem/VIVADO/project_2/project_2.srcs/sources_1/new/ASYUPSTR.vhd:43]
INFO: [Synth 8-638] synthesizing module 'JKFF' [E:/1sem/VIVADO/project_2/project_2.srcs/sources_1/new/JKFF.vhd:38]
INFO: [Synth 8-256] done synthesizing module 'JKFF' (1#1) [E:/1sem/VIVADO/project_2/project_2.srcs/sources_1/new/JKFF.vhd:38]
INFO: [Synth 8-3491] module 'JKFF' declared at 'E:/1sem/VIVADO/project_2/project_2.srcs/sources_1/new/JKFF.vhd:34' bound to instance 'FF2' of component 'JKFF' [E:/1sem/VIVADO/project_2/project_2.srcs/sources_1/new/ASYUPSTR.vhd:44]
INFO: [Synth 8-3491] module 'JKFF' declared at 'E:/1sem/VIVADO/project_2/project_2.srcs/sources_1/new/JKFF.vhd:34' bound to instance 'FF3' of component 'JKFF' [E:/1sem/VIVADO/project_2/project_2.srcs/sources_1/new/ASYUPSTR.vhd:45]
INFO: [Synth 8-256] done synthesizing module 'ASYUPSTR' (2#1) [E:/1sem/VIVADO/project_2/project_2.srcs/sources_1/new/ASYUPSTR.vhd:38]

*** Running vivado
    with args -log ASYUPSTR.vds -m64 -mode batch -messageDb vivado.pb -notrace -source ASYUPSTR.tcl


****** Vivado v2016.2 (64-bit)
  **** SW Build 1577090 on Thu Jun  2 16:32:40 MDT 2016
  **** IP Build 1577682 on Fri Jun  3 12:00:54 MDT 2016
    ** Copyright 1986-2016 Xilinx, Inc. All Rights Reserved.

source ASYUPSTR.tcl -notrace
Command: synth_design -top ASYUPSTR -part xc7k70tfbv676-1
Starting synth_design
Attempting to get a license for feature 'Synthesis' and/or device 'xc7k70t'
INFO: [Common 17-349] Got license for feature 'Synthesis' and/or device 'xc7k70t'
INFO: Launching helper process for spawning children vivado processes
INFO: Helper process launched with PID 5792 
---------------------------------------------------------------------------------
Starting Synthesize : Time (s): cpu = 00:00:07 ; elapsed = 00:00:10 . Memory (MB): peak = 271.660 ; gain = 65.125
---------------------------------------------------------------------------------
INFO: [Synth 8-638] synthesizing module 'ASYUPSTR' [E:/1sem/VIVADO/project_2/project_2.srcs/sources_1/new/ASYUPSTR.vhd:38]
INFO: [Synth 8-3491] module 'JKFF' declared at 'E:/1sem/VIVADO/project_2/project_2.srcs/sources_1/new/JKFF.vhd:34' bound to instance 'FF1' of component 'JKFF' [E:/1sem/VIVADO/project_2/project_2.srcs/sources_1/new/ASYUPSTR.vhd:43]
INFO: [Synth 8-638] synthesizing module 'JKFF' [E:/1sem/VIVADO/project_2/project_2.srcs/sources_1/new/JKFF.vhd:38]
INFO: [Synth 8-256] done synthesizing module 'JKFF' (1#1) [E:/1sem/VIVADO/project_2/project_2.srcs/sources_1/new/JKFF.vhd:38]
INFO: [Synth 8-3491] module 'JKFF' declared at 'E:/1sem/VIVADO/project_2/project_2.srcs/sources_1/new/JKFF.vhd:34' bound to instance 'FF2' of component 'JKFF' [E:/1sem/VIVADO/project_2/project_2.srcs/sources_1/new/ASYUPSTR.vhd:44]
INFO: [Synth 8-3491] module 'JKFF' declared at 'E:/1sem/VIVADO/project_2/project_2.srcs/sources_1/new/JKFF.vhd:34' bound to instance 'FF3' of component 'JKFF' [E:/1sem/VIVADO/project_2/project_2.srcs/sources_1/new/ASYUPSTR.vhd:45]
INFO: [Synth 8-256] done synthesizing module 'ASYUPSTR' (2#1) [E:/1sem/VIVADO/project_2/project_2.srcs/sources_1/new/ASYUPSTR.vhd:38]
---------------------------------------------------------------------------------
Finished Synthesize : Time (s): cpu = 00:00:08 ; elapsed = 00:00:12 . Memory (MB): peak = 309.047 ; gain = 102.512
---------------------------------------------------------------------------------
---------------------------------------------------------------------------------
Finished Constraint Validation : Time (s): cpu = 00:00:08 ; elapsed = 00:00:12 . Memory (MB): peak = 309.047 ; gain = 102.512
---------------------------------------------------------------------------------
---------------------------------------------------------------------------------
Start Loading Part and Timing Information
---------------------------------------------------------------------------------
Loading part: xc7k70tfbv676-1
INFO: [Device 21-403] Loading part xc7k70tfbv676-1
---------------------------------------------------------------------------------
Finished Loading Part and Timing Information : Time (s): cpu = 00:00:08 ; elapsed = 00:00:12 . Memory (MB): peak = 309.047 ; gain = 102.512
---------------------------------------------------------------------------------
---------------------------------------------------------------------------------
Finished RTL Optimization Phase 2 : Time (s): cpu = 00:00:08 ; elapsed = 00:00:12 . Memory (MB): peak = 315.695 ; gain = 109.160
---------------------------------------------------------------------------------

Report RTL Partitions: 
+-+--------------+------------+----------+
| |RTL Partition |Replication |Instances |
+-+--------------+------------+----------+
+-+--------------+------------+----------+
No constraint files found.
---------------------------------------------------------------------------------
Start RTL Component Statistics 
---------------------------------------------------------------------------------
Detailed RTL Component Info : 
+---Registers : 
	                1 Bit    Registers := 6     
+---Muxes : 
	   2 Input      1 Bit        Muxes := 6     
---------------------------------------------------------------------------------
Finished RTL Component Statistics 
---------------------------------------------------------------------------------
---------------------------------------------------------------------------------
Start RTL Hierarchical Component Statistics 
---------------------------------------------------------------------------------
Hierarchical RTL Component report 
Module JKFF 
Detailed RTL Component Info : 
+---Registers : 
	                1 Bit    Registers := 2     
+---Muxes : 
	   2 Input      1 Bit        Muxes := 2     
---------------------------------------------------------------------------------
Finished RTL Hierarchical Component Statistics
---------------------------------------------------------------------------------
---------------------------------------------------------------------------------
Start Part Resource Summary
---------------------------------------------------------------------------------
Part Resources:
DSPs: 240 (col length:80)
BRAMs: 270 (col length: RAMB18 80 RAMB36 40)
---------------------------------------------------------------------------------
Finished Part Resource Summary
---------------------------------------------------------------------------------
Start Parallel Synthesis Optimization  : Time (s): cpu = 00:00:12 ; elapsed = 00:00:18 . Memory (MB): peak = 425.543 ; gain = 219.008
---------------------------------------------------------------------------------
Start Cross Boundary Optimization
---------------------------------------------------------------------------------
---------------------------------------------------------------------------------
Finished Cross Boundary Optimization : Time (s): cpu = 00:00:12 ; elapsed = 00:00:18 . Memory (MB): peak = 425.918 ; gain = 219.383
---------------------------------------------------------------------------------
Finished Parallel Reinference  : Time (s): cpu = 00:00:12 ; elapsed = 00:00:18 . Memory (MB): peak = 425.918 ; gain = 219.383

Report RTL Partitions: 
+-+--------------+------------+----------+
| |RTL Partition |Replication |Instances |
+-+--------------+------------+----------+
+-+--------------+------------+----------+
No constraint files found.
---------------------------------------------------------------------------------
Start Area Optimization
---------------------------------------------------------------------------------
---------------------------------------------------------------------------------
Finished Area Optimization : Time (s): cpu = 00:00:12 ; elapsed = 00:00:19 . Memory (MB): peak = 436.074 ; gain = 229.539
---------------------------------------------------------------------------------
Finished Parallel Area Optimization  : Time (s): cpu = 00:00:12 ; elapsed = 00:00:19 . Memory (MB): peak = 436.074 ; gain = 229.539

Report RTL Partitions: 
+-+--------------+------------+----------+
| |RTL Partition |Replication |Instances |
+-+--------------+------------+----------+
+-+--------------+------------+----------+
---------------------------------------------------------------------------------
Start Timing Optimization
---------------------------------------------------------------------------------
No constraint files found.
---------------------------------------------------------------------------------
Finished Timing Optimization : Time (s): cpu = 00:00:12 ; elapsed = 00:00:19 . Memory (MB): peak = 436.074 ; gain = 229.539
---------------------------------------------------------------------------------

Report RTL Partitions: 
+-+--------------+------------+----------+
| |RTL Partition |Replication |Instances |
+-+--------------+------------+----------+
+-+--------------+------------+----------+
---------------------------------------------------------------------------------
Start Technology Mapping
---------------------------------------------------------------------------------
---------------------------------------------------------------------------------
Finished Technology Mapping : Time (s): cpu = 00:00:12 ; elapsed = 00:00:19 . Memory (MB): peak = 445.781 ; gain = 239.246
---------------------------------------------------------------------------------
Finished Parallel Technology Mapping Optimization  : Time (s): cpu = 00:00:12 ; elapsed = 00:00:19 . Memory (MB): peak = 445.781 ; gain = 239.246

Report RTL Partitions: 
+-+--------------+------------+----------+
| |RTL Partition |Replication |Instances |
+-+--------------+------------+----------+
+-+--------------+------------+----------+
Finished Parallel Synthesis Optimization  : Time (s): cpu = 00:00:12 ; elapsed = 00:00:19 . Memory (MB): peak = 445.781 ; gain = 239.246
---------------------------------------------------------------------------------
Start IO Insertion
---------------------------------------------------------------------------------
---------------------------------------------------------------------------------
Start Flattening Before IO Insertion
---------------------------------------------------------------------------------
---------------------------------------------------------------------------------
Finished Flattening Before IO Insertion
---------------------------------------------------------------------------------
---------------------------------------------------------------------------------
Start Final Netlist Cleanup
---------------------------------------------------------------------------------
---------------------------------------------------------------------------------
Finished Final Netlist Cleanup
---------------------------------------------------------------------------------
---------------------------------------------------------------------------------
Finished IO Insertion : Time (s): cpu = 00:00:13 ; elapsed = 00:00:20 . Memory (MB): peak = 445.781 ; gain = 239.246
---------------------------------------------------------------------------------

Report Check Netlist: 
+------+------------------+-------+---------+-------+------------------+
|      |Item              |Errors |Warnings |Status |Description       |
+------+------------------+-------+---------+-------+------------------+
|1     |multi_driven_nets |      0|        0|Passed |Multi driven nets |
+------+------------------+-------+---------+-------+------------------+
---------------------------------------------------------------------------------
Start Renaming Generated Instances
---------------------------------------------------------------------------------
---------------------------------------------------------------------------------
Finished Renaming Generated Instances : Time (s): cpu = 00:00:13 ; elapsed = 00:00:20 . Memory (MB): peak = 445.781 ; gain = 239.246
---------------------------------------------------------------------------------

Report RTL Partitions: 
+-+--------------+------------+----------+
| |RTL Partition |Replication |Instances |
+-+--------------+------------+----------+
+-+--------------+------------+----------+
---------------------------------------------------------------------------------
Start Rebuilding User Hierarchy
---------------------------------------------------------------------------------
---------------------------------------------------------------------------------
Finished Rebuilding User Hierarchy : Time (s): cpu = 00:00:13 ; elapsed = 00:00:20 . Memory (MB): peak = 445.781 ; gain = 239.246
---------------------------------------------------------------------------------
---------------------------------------------------------------------------------
Start Renaming Generated Ports
---------------------------------------------------------------------------------
---------------------------------------------------------------------------------
Finished Renaming Generated Ports : Time (s): cpu = 00:00:13 ; elapsed = 00:00:20 . Memory (MB): peak = 445.781 ; gain = 239.246
---------------------------------------------------------------------------------
---------------------------------------------------------------------------------
Start Handling Custom Attributes
---------------------------------------------------------------------------------
---------------------------------------------------------------------------------
Finished Handling Custom Attributes : Time (s): cpu = 00:00:13 ; elapsed = 00:00:20 . Memory (MB): peak = 445.781 ; gain = 239.246
---------------------------------------------------------------------------------
---------------------------------------------------------------------------------
Start Renaming Generated Nets
---------------------------------------------------------------------------------
---------------------------------------------------------------------------------
Finished Renaming Generated Nets : Time (s): cpu = 00:00:13 ; elapsed = 00:00:20 . Memory (MB): peak = 445.781 ; gain = 239.246
---------------------------------------------------------------------------------
---------------------------------------------------------------------------------
Start Writing Synthesis Report
---------------------------------------------------------------------------------

Report BlackBoxes: 
+-+--------------+----------+
| |BlackBox name |Instances |
+-+--------------+----------+
+-+--------------+----------+

Report Cell Usage: 
+------+-----+------+
|      |Cell |Count |
+------+-----+------+
|1     |BUFG |     1|
|2     |LUT1 |     6|
|3     |FDCE |     3|
|4     |FDPE |     3|
|5     |IBUF |     2|
|6     |OBUF |     6|
+------+-----+------+

Report Instance Areas: 
+------+---------+-------+------+
|      |Instance |Module |Cells |
+------+---------+-------+------+
|1     |top      |       |    21|
|2     |  FF1    |JKFF   |     3|
|3     |  FF2    |JKFF_0 |     3|
|4     |  FF3    |JKFF_1 |     3|
+------+---------+-------+------+
---------------------------------------------------------------------------------
Finished Writing Synthesis Report : Time (s): cpu = 00:00:13 ; elapsed = 00:00:20 . Memory (MB): peak = 445.781 ; gain = 239.246
---------------------------------------------------------------------------------
Synthesis finished with 0 errors, 0 critical warnings and 0 warnings.
Synthesis Optimization Runtime : Time (s): cpu = 00:00:11 ; elapsed = 00:00:14 . Memory (MB): peak = 445.781 ; gain = 239.246
Synthesis Optimization Complete : Time (s): cpu = 00:00:13 ; elapsed = 00:00:20 . Memory (MB): peak = 445.781 ; gain = 239.246
INFO: [Project 1-571] Translating synthesized netlist
INFO: [Netlist 29-17] Analyzing 2 Unisim elements for replacement
INFO: [Netlist 29-28] Unisim Transformation completed in 0 CPU seconds
INFO: [Project 1-570] Preparing netlist for logic optimization
INFO: [Opt 31-138] Pushed 0 inverter(s) to 0 load pin(s).
INFO: [Project 1-111] Unisim Transformation Summary:
No Unisim elements were transformed.

INFO: [Common 17-83] Releasing license: Synthesis
16 Infos, 0 Warnings, 0 Critical Warnings and 0 Errors encountered.
synth_design completed successfully
synth_design: Time (s): cpu = 00:00:14 ; elapsed = 00:00:33 . Memory (MB): peak = 509.566 ; gain = 303.031
report_utilization: Time (s): cpu = 00:00:00 ; elapsed = 00:00:00.143 . Memory (MB): peak = 509.566 ; gain = 0.000
INFO: [Common 17-206] Exiting Vivado at Mon Sep 02 20:11:39 2019...
