#-----------------------------------------------------------
# Vivado v2016.2 (64-bit)
# SW Build 1577090 on Thu Jun  2 16:32:40 MDT 2016
# IP Build 1577682 on Fri Jun  3 12:00:54 MDT 2016
# Start of session at: Thu Nov 14 08:47:09 2019
# Process ID: 1960
# Current directory: E:/1sem/VIVADO/project_7
# Command line: vivado.exe -gui_launcher_event rodinguilauncherevent4752 E:\1sem\VIVADO\project_7\project_7.xpr
# Log file: E:/1sem/VIVADO/project_7/vivado.log
# Journal file: E:/1sem/VIVADO/project_7\vivado.jou
#-----------------------------------------------------------
start_gui
open_project E:/1sem/VIVADO/project_7/project_7.xpr
Scanning sources...
Finished scanning sources
INFO: [IP_Flow 19-234] Refreshing IP repositories
INFO: [IP_Flow 19-1704] No user IP repositories specified
INFO: [IP_Flow 19-2313] Loaded Vivado IP repository 'C:/Xilinx/Vivado/2016.2/data/ip'.
open_project: Time (s): cpu = 00:00:19 ; elapsed = 00:00:34 . Memory (MB): peak = 710.504 ; gain = 91.652
uupdate_compile_order -fileset sources_1exit
INFO: [Common 17-206] Exiting Vivado at Thu Nov 14 08:49:07 2019...

