#-----------------------------------------------------------
# Vivado v2016.2 (64-bit)
# SW Build 1577090 on Thu Jun  2 16:32:40 MDT 2016
# IP Build 1577682 on Fri Jun  3 12:00:54 MDT 2016
# Start of session at: Tue Nov 12 21:18:40 2019
# Process ID: 5976
# Current directory: E:/1sem/VIVADO/project_8
# Command line: vivado.exe -gui_launcher_event rodinguilauncherevent6148 E:\1sem\VIVADO\project_8\project_8.xpr
# Log file: E:/1sem/VIVADO/project_8/vivado.log
# Journal file: E:/1sem/VIVADO/project_8\vivado.jou
#-----------------------------------------------------------
start_gui
open_project E:/1sem/VIVADO/project_8/project_8.xpr
Scanning sources...
Finished scanning sources
INFO: [IP_Flow 19-234] Refreshing IP repositories
INFO: [IP_Flow 19-1704] No user IP repositories specified
INFO: [IP_Flow 19-2313] Loaded Vivado IP repository 'C:/Xilinx/Vivado/2016.2/data/ip'.
open_project: Time (s): cpu = 00:00:19 ; elapsed = 00:00:44 . Memory (MB): peak = 657.113 ; gain = 81.340
update_compile_order -fileset sources_1
exit
IINFO: [Common 17-206] Exiting Vivado at Tue Nov 12 21:25:04 2019...
